#Only edit every second line to replace a link! Start 'import_link.sh' to insert the changes into Config.in'
#---
file and might be added as well on later sections.
file and might be added as well on later sections.
TCOM_SINUS_27_04_27
TCOM_SINUS_27_04_27
TCOM_W501_28_04_38
TCOM_W501_28_04_38
TCOM_W501_66_04_65
TCOM_W501_66_04_65
TCOM_W503_66_04_66
TCOM_W503_66_04_66
http://hilfe.telekom.de/dlp/eki/downloads/Speedport/Speedport%20W%20503V%20Typ%20A/fw_Speedport_W503V_v66.04.66.image
http://hilfe.telekom.de/dlp/eki/downloads/Speedport/Speedport%20W%20503V%20Typ%20A/fw_Speedport_W503V_v66.04.66.image
TCOM_W503_66_04_78
TCOM_W503_66_04_78
http://hilfe.telekom.de/dlp/eki/downloads/Speedport/Speedport%20W%20503V%20Typ%20A/fw_Speedport_W503V_v66.04.78.image
http://hilfe.telekom.de/dlp/eki/downloads/Speedport/Speedport%20W%20503V%20Typ%20A/fw_Speedport_W503V_v66.04.78.image
CONGSTAR_W701_33_04_58
CONGSTAR_W701_33_04_58
CONGSTAR_W503_66_04_69
CONGSTAR_W503_66_04_69
CONGSTAR_W503_66_04_71
CONGSTAR_W503_66_04_71
TCOM_W701_33_04_57
TCOM_W701_33_04_57
TCOM_W721_64_04_60
TCOM_W721_64_04_60
TCOM_W721_64_04_74
TCOM_W721_64_04_74
TCOM_W722_80_04_76
TCOM_W722_80_04_76
http://hilfe.telekom.de/dlp/eki/downloads/Speedport/Speedport_W722V/Speedport_W_722V_V_80.04.76.image
http://hilfe.telekom.de/dlp/eki/downloads/Speedport/Speedport_W722V/Speedport_W_722V_V_80.04.76.image
TCOM_W900_34_04_57
TCOM_W900_34_04_57
TCOM_W920_65_04_58
TCOM_W920_65_04_58
TCOM_W920_65_04_63
TCOM_W920_65_04_63
TCOM_W920_65_04_74
TCOM_W920_65_04_74
TCOM_W920_13048
TCOM_W920_13048
TCOM_W920_65_04_78
TCOM_W920_65_04_78
http://hilfe.telekom.de/dlp/eki/downloads/Speedport/Speedport%20W%20920V/Speedport_W_920V.AnnexB.65.04.78.image
http://hilfe.telekom.de/dlp/eki/downloads/Speedport/Speedport%20W%20920V/Speedport_W_920V.AnnexB.65.04.78.image
AVM_7113_60_04_58
AVM_7113_60_04_58
AVM_7113_60_04_68
AVM_7113_60_04_68
AVM_7113_90_04_82
AVM_7113_90_04_82
AVM_7140_30_04_33
AVM_7140_30_04_33
AVM_7140_39_04_43
AVM_7140_39_04_43
AVM_7140_39_04_76
AVM_7140_39_04_76
AVM_7140_en_39_04_67
AVM_7140_en_39_04_67
AVM_7141_40_04_76
AVM_7141_40_04_76
AVM_7150_38_04_27
AVM_7150_38_04_27
AVM_7150_38_04_32
AVM_7150_38_04_32
AVM_7150_38_04_71
AVM_7150_38_04_71
AVM_7150_29_04_59
AVM_7150_29_04_59
AVM_7170_29_04_80
AVM_7170_29_04_80
AVM_7170_en_58_04_82
AVM_7170_en_58_04_82
AVM_7170_en_29_04_82
AVM_7170_en_29_04_82
AVM_BETA_7170_19138
AVM_BETA_7170_19138
AVM_7240_73_04_87
AVM_7240_73_04_87
AVM_PRE_7240_19798
AVM_PRE_7240_19798
http://www.avm.de/de/Service/Service-Portale/Labor/7240_vorschau_release_candidate/labor_start_release_candidate.php HW144:fritzbox-labor-7240-19798.zip ./Firmware.orig/Labor_FRITZ.Box_Fon_WLAN_7240.73.05.04-19798.image
http://www.avm.de/de/Service/Service-Portale/Labor/7240_vorschau_release_candidate/labor_start_release_candidate.php HW144:fritzbox-labor-7240-19798.zip ./Firmware.orig/Labor_FRITZ.Box_Fon_WLAN_7240.73.05.04-19798.image
AVM_7272_54_04_58
AVM_7272_54_04_58
AVM_7272_54_04_59
AVM_7272_54_04_59
AVM_7272_m54_04_81
AVM_7272_m54_04_81
AVM_7273_m74_04_81
AVM_7273_m74_04_81
AVM_7272_54_04_80
AVM_7272_54_04_80
AVM_7271_54_04_86
AVM_7271_54_04_86
AVM_7272_54_04_86
AVM_7272_54_04_86
AVM_7273_74_04_86
AVM_7273_74_04_86
AVM_7271_54_04_88
AVM_7271_54_04_88
AVM_7272_54_04_88
AVM_7272_54_04_88
AVM_7273_74_04_88
AVM_7273_74_04_88
AVM_IPV6_7272_17599
AVM_IPV6_7272_17599
AVM_IPV6_7273_17599
AVM_IPV6_7273_17599
AVM_DSL_7271_18237
AVM_DSL_7271_18237
AVM_DSL_7272_18956
AVM_DSL_7272_18956
AVM_DSL_7273_18956
AVM_DSL_7273_18956
AVM_NAS_7272_18956
AVM_NAS_7272_18956
AVM_PRE_7272_17828
AVM_PRE_7272_17828
AVM_PRE_7272_19798
AVM_PRE_7272_19798
http://www.avm.de/de/Service/Service-Portale/Labor/7270_cebit_labor/labor_start_cebit_labor.php HW139:fritzbox-labor-7270v2-19798.zip ./Firmware.orig/Labor_FRITZ.Box_Fon_WLAN_7270_v2.54.05.04-19798.image
http://www.avm.de/de/Service/Service-Portale/Labor/7270_cebit_labor/labor_start_cebit_labor.php HW139:fritzbox-labor-7270v2-19798.zip ./Firmware.orig/Labor_FRITZ.Box_Fon_WLAN_7270_v2.54.05.04-19798.image
http://www.avm.de/de/Service/Service-Portale/Labor/7270_vorschau_release_candidate/labor_start_vorschau_release_candidate.php HW139:
http://www.avm.de/de/Service/Service-Portale/Labor/7270_vorschau_release_candidate/labor_start_vorschau_release_candidate.php HW139:
http://www.avm.de/de/Service/Service-Portale/Labor/7270_cebit_labor/labor_start_cebit_labor.php HWXXX:
http://www.avm.de/de/Service/Service-Portale/Labor/7270_cebit_labor/labor_start_cebit_labor.php HWXXX:
AVM_PRE_7273_19798
AVM_PRE_7273_19798
http://www.avm.de/de/Service/Service-Portale/Labor/7270_cebit_labor/labor_start_cebit_labor.php HW145:fritzbox-labor-7270v3-19798.zip ./Firmware.orig/Labor_FRITZ.Box_Fon_WLAN_7270_v3.74.05.04-19798.image
http://www.avm.de/de/Service/Service-Portale/Labor/7270_cebit_labor/labor_start_cebit_labor.php HW145:fritzbox-labor-7270v3-19798.zip ./Firmware.orig/Labor_FRITZ.Box_Fon_WLAN_7270_v3.74.05.04-19798.image
http://www.avm.de/de/Service/Service-Portale/Labor/7270_cebit_labor/labor_start_cebit_labor.php HWXXX:
http://www.avm.de/de/Service/Service-Portale/Labor/7270_cebit_labor/labor_start_cebit_labor.php HWXXX:
AVM_7570_17599
AVM_7570_17599
http://www.avm.de/de/Service/Service-Portale/Labor/7570_7270_IPv6_en/fritzbox_lab_17599__7570.zip ./Firmware.orig/FRITZ.Box_Fon_WLAN_7570_vDSL_LabIPV6.en-de-fr.75.04.82-17599.image
http://www.avm.de/de/Service/Service-Portale/Labor/7570_7270_IPv6_en/fritzbox_lab_17599__7570.zip ./Firmware.orig/FRITZ.Box_Fon_WLAN_7570_vDSL_LabIPV6.en-de-fr.75.04.82-17599.image
AVM_7570_75_04_90
AVM_7570_75_04_90
ftp://ftp.avm.de/fritz.box/fritzbox.fon_wlan_7570/firmware/english/FRITZ.Box_Fon_WLAN_7570_vDSL.en-de-fr.75.04.90.image
ftp://ftp.avm.de/fritz.box/fritzbox.fon_wlan_7570/firmware/english/FRITZ.Box_Fon_WLAN_7570_vDSL.en-de-fr.75.04.90.image
AVM_7570_75_04_78
AVM_7570_75_04_78
AVM_7570_75_04_82
AVM_7570_75_04_82
AVM_7570_15245
AVM_7570_15245
AVM_7570_16068
AVM_7570_16068
AVM_7570_16087
AVM_7570_16087
AVM_HN_7570_16971
AVM_HN_7570_16971
AVM_7390_84_04_81
AVM_7390_84_04_81
AVM_7390_84_04_82
AVM_7390_84_04_82
AVM_7390_84_04_84
AVM_7390_84_04_84
AVM_7390_84_04_87
AVM_7390_84_04_87
AVM_7390_84_04_91
AVM_7390_84_04_91
AVM_DSL_7390_18985
AVM_DSL_7390_18985
AVM_PRE_7390_19798
AVM_PRE_7390_19798
http://www.avm.de/de/Service/Service-Portale/Labor/7390_cebit_labor/fritzbox-labor-7390-19798.zip ./Firmware.orig/FRITZ.Box_Fon_WLAN_7390.Labor.84.05.04-19798.image
http://www.avm.de/de/Service/Service-Portale/Labor/7390_cebit_labor/fritzbox-labor-7390-19798.zip ./Firmware.orig/FRITZ.Box_Fon_WLAN_7390.Labor.84.05.04-19798.image
